[debug] [2024-08-19T02:51:33.864Z] ----------------------------------------------------------------------
[debug] [2024-08-19T02:51:33.868Z] Command:       /home/yu/.nvm/versions/node/v21.6.2/bin/node /home/yu/.nvm/versions/node/v21.6.2/bin/firebase init
[debug] [2024-08-19T02:51:33.869Z] CLI Version:   13.5.2
[debug] [2024-08-19T02:51:33.869Z] Platform:      linux
[debug] [2024-08-19T02:51:33.869Z] Node Version:  v21.6.2
[debug] [2024-08-19T02:51:33.869Z] Time:          Mon Aug 19 2024 11:51:33 GMT+0900 (日本標準時)
[debug] [2024-08-19T02:51:33.869Z] ----------------------------------------------------------------------
[debug] 
[debug] [2024-08-19T02:51:33.874Z] >>> [apiv2][query] GET https://firebase-public.firebaseio.com/cli.json [none]
[debug] [2024-08-19T02:51:33.928Z] > command requires scopes: ["email","openid","https://www.googleapis.com/auth/cloudplatformprojects.readonly","https://www.googleapis.com/auth/firebase","https://www.googleapis.com/auth/cloud-platform"]
[debug] [2024-08-19T02:51:33.929Z] > authorizing via signed-in user (takitakiyuchi@gmail.com)
[info] 
     ######## #### ########  ######## ########     ###     ######  ########
     ##        ##  ##     ## ##       ##     ##  ##   ##  ##       ##
     ######    ##  ########  ######   ########  #########  ######  ######
     ##        ##  ##    ##  ##       ##     ## ##     ##       ## ##
     ##       #### ##     ## ######## ########  ##     ##  ######  ########

You're about to initialize a Firebase project in this directory:

  /home/yu/projects/study/react/240718_react-practice/240718_practice

[debug] [2024-08-19T02:51:34.326Z] <<< [apiv2][status] GET https://firebase-public.firebaseio.com/cli.json 200
[debug] [2024-08-19T02:51:34.326Z] <<< [apiv2][body] GET https://firebase-public.firebaseio.com/cli.json {"cloudBuildErrorAfter":1594252800000,"cloudBuildWarnAfter":1590019200000,"defaultNode10After":1594252800000,"minVersion":"3.0.5","node8DeploysDisabledAfter":1613390400000,"node8RuntimeDisabledAfter":1615809600000,"node8WarnAfter":1600128000000}
[debug] [2024-08-19T14:09:44.908Z] ----------------------------------------------------------------------
[debug] [2024-08-19T14:09:44.950Z] Command:       /home/yu/.nvm/versions/node/v21.6.2/bin/node /home/yu/.nvm/versions/node/v21.6.2/bin/firebase init
[debug] [2024-08-19T14:09:44.952Z] CLI Version:   13.5.2
[debug] [2024-08-19T14:09:44.964Z] Platform:      linux
[debug] [2024-08-19T14:09:44.965Z] Node Version:  v21.6.2
[debug] [2024-08-19T14:09:44.966Z] Time:          Mon Aug 19 2024 23:09:44 GMT+0900 (日本標準時)
[debug] [2024-08-19T14:09:44.967Z] ----------------------------------------------------------------------
[debug] 
[debug] [2024-08-19T14:09:45.092Z] > command requires scopes: ["email","openid","https://www.googleapis.com/auth/cloudplatformprojects.readonly","https://www.googleapis.com/auth/firebase","https://www.googleapis.com/auth/cloud-platform"]
[debug] [2024-08-19T14:09:45.094Z] > authorizing via signed-in user (takitakiyuchi@gmail.com)
[info] 
     ######## #### ########  ######## ########     ###     ######  ########
     ##        ##  ##     ## ##       ##     ##  ##   ##  ##       ##
     ######    ##  ########  ######   ########  #########  ######  ######
     ##        ##  ##    ##  ##       ##     ## ##     ##       ## ##
     ##       #### ##     ## ######## ########  ##     ##  ######  ########

You're about to initialize a Firebase project in this directory:

  /home/yu/projects/study/react/240718_react-practice/240718_practice

[debug] [2024-08-19T15:02:50.482Z] Error: setRawMode EIO
    at ReadStream.setRawMode (node:tty:77:24)
    at [_setRawMode] [as _setRawMode] (node:internal/readline/interface:374:18)
    at Interface.close (node:internal/readline/interface:524:24)
    at ReadStream.ontermend (node:internal/readline/interface:260:10)
    at ReadStream.emit (node:events:531:35)
    at ReadStream.emit (node:domain:488:12)
    at endReadableNT (node:internal/streams/readable:1696:12)
    at process.processTicksAndRejections (node:internal/process/task_queues:82:21)
[error] 
[error] Error: An unexpected error has occurred.
[debug] [2024-08-19T15:02:50.818Z] Error: write EIO
    at afterWriteDispatched (node:internal/stream_base_commons:160:15)
    at writeGeneric (node:internal/stream_base_commons:151:3)
    at Socket._writeGeneric (node:net:952:11)
    at Socket._write (node:net:964:8)
    at writeOrBuffer (node:internal/streams/writable:564:12)
    at _write (node:internal/streams/writable:493:10)
    at Writable.write (node:internal/streams/writable:502:10)
    at Console.log (/home/yu/.nvm/versions/node/v21.6.2/lib/node_modules/firebase-tools/node_modules/winston/lib/winston/transports/console.js:79:23)
    at Console._write (/home/yu/.nvm/versions/node/v21.6.2/lib/node_modules/firebase-tools/node_modules/winston-transport/modern.js:103:17)
    at doWrite (/home/yu/.nvm/versions/node/v21.6.2/lib/node_modules/firebase-tools/node_modules/readable-stream/lib/_stream_writable.js:390:139)
[error] 
[error] Error: An unexpected error has occurred.
[debug] [2024-08-19T15:02:50.821Z] Error: write EIO
    at afterWriteDispatched (node:internal/stream_base_commons:160:15)
    at writeGeneric (node:internal/stream_base_commons:151:3)
    at Socket._writeGeneric (node:net:952:11)
    at Socket._write (node:net:964:8)
    at writeOrBuffer (node:internal/streams/writable:564:12)
    at _write (node:internal/streams/writable:493:10)
    at Writable.write (node:internal/streams/writable:502:10)
    at Console.log (/home/yu/.nvm/versions/node/v21.6.2/lib/node_modules/firebase-tools/node_modules/winston/lib/winston/transports/console.js:79:23)
    at Console._write (/home/yu/.nvm/versions/node/v21.6.2/lib/node_modules/firebase-tools/node_modules/winston-transport/modern.js:103:17)
    at doWrite (/home/yu/.nvm/versions/node/v21.6.2/lib/node_modules/firebase-tools/node_modules/readable-stream/lib/_stream_writable.js:390:139)
[error] 
[error] Error: An unexpected error has occurred.
[debug] [2024-08-19T15:02:50.823Z] Error: write EIO
    at afterWriteDispatched (node:internal/stream_base_commons:160:15)
    at writeGeneric (node:internal/stream_base_commons:151:3)
    at Socket._writeGeneric (node:net:952:11)
    at Socket._write (node:net:964:8)
    at writeOrBuffer (node:internal/streams/writable:564:12)
    at _write (node:internal/streams/writable:493:10)
    at Writable.write (node:internal/streams/writable:502:10)
    at Console.log (/home/yu/.nvm/versions/node/v21.6.2/lib/node_modules/firebase-tools/node_modules/winston/lib/winston/transports/console.js:79:23)
    at Console._write (/home/yu/.nvm/versions/node/v21.6.2/lib/node_modules/firebase-tools/node_modules/winston-transport/modern.js:103:17)
    at doWrite (/home/yu/.nvm/versions/node/v21.6.2/lib/node_modules/firebase-tools/node_modules/readable-stream/lib/_stream_writable.js:390:139)
[error] 
[error] Error: An unexpected error has occurred.
[debug] [2024-08-19T15:02:50.825Z] Error: write EIO
    at afterWriteDispatched (node:internal/stream_base_commons:160:15)
    at writeGeneric (node:internal/stream_base_commons:151:3)
    at Socket._writeGeneric (node:net:952:11)
    at Socket._write (node:net:964:8)
    at writeOrBuffer (node:internal/streams/writable:564:12)
    at _write (node:internal/streams/writable:493:10)
    at Writable.write (node:internal/streams/writable:502:10)
    at Console.log (/home/yu/.nvm/versions/node/v21.6.2/lib/node_modules/firebase-tools/node_modules/winston/lib/winston/transports/console.js:79:23)
    at Console._write (/home/yu/.nvm/versions/node/v21.6.2/lib/node_modules/firebase-tools/node_modules/winston-transport/modern.js:103:17)
    at doWrite (/home/yu/.nvm/versions/node/v21.6.2/lib/node_modules/firebase-tools/node_modules/readable-stream/lib/_stream_writable.js:390:139)
[error] 
[error] Error: An unexpected error has occurred.
[debug] [2024-08-19T15:02:50.836Z] Error: write EIO
    at afterWriteDispatched (node:internal/stream_base_commons:160:15)
    at writeGeneric (node:internal/stream_base_commons:151:3)
    at Socket._writeGeneric (node:net:952:11)
    at Socket._write (node:net:964:8)
    at writeOrBuffer (node:internal/streams/writable:564:12)
    at _write (node:internal/streams/writable:493:10)
    at Writable.write (node:internal/streams/writable:502:10)
    at Console.log (/home/yu/.nvm/versions/node/v21.6.2/lib/node_modules/firebase-tools/node_modules/winston/lib/winston/transports/console.js:79:23)
    at Console._write (/home/yu/.nvm/versions/node/v21.6.2/lib/node_modules/firebase-tools/node_modules/winston-transport/modern.js:103:17)
    at doWrite (/home/yu/.nvm/versions/node/v21.6.2/lib/node_modules/firebase-tools/node_modules/readable-stream/lib/_stream_writable.js:390:139)
[error] 
[error] Error: An unexpected error has occurred.
[debug] [2024-08-19T15:02:50.838Z] Error: write EIO
    at afterWriteDispatched (node:internal/stream_base_commons:160:15)
    at writeGeneric (node:internal/stream_base_commons:151:3)
    at Socket._writeGeneric (node:net:952:11)
    at Socket._write (node:net:964:8)
    at writeOrBuffer (node:internal/streams/writable:564:12)
    at _write (node:internal/streams/writable:493:10)
    at Writable.write (node:internal/streams/writable:502:10)
    at Console.log (/home/yu/.nvm/versions/node/v21.6.2/lib/node_modules/firebase-tools/node_modules/winston/lib/winston/transports/console.js:79:23)
    at Console._write (/home/yu/.nvm/versions/node/v21.6.2/lib/node_modules/firebase-tools/node_modules/winston-transport/modern.js:103:17)
    at doWrite (/home/yu/.nvm/versions/node/v21.6.2/lib/node_modules/firebase-tools/node_modules/readable-stream/lib/_stream_writable.js:390:139)
[error] 
[error] Error: An unexpected error has occurred.
[debug] [2024-08-19T15:02:50.840Z] Error: write EIO
    at afterWriteDispatched (node:internal/stream_base_commons:160:15)
    at writeGeneric (node:internal/stream_base_commons:151:3)
    at Socket._writeGeneric (node:net:952:11)
    at Socket._write (node:net:964:8)
    at writeOrBuffer (node:internal/streams/writable:564:12)
    at _write (node:internal/streams/writable:493:10)
    at Writable.write (node:internal/streams/writable:502:10)
    at Console.log (/home/yu/.nvm/versions/node/v21.6.2/lib/node_modules/firebase-tools/node_modules/winston/lib/winston/transports/console.js:79:23)
    at Console._write (/home/yu/.nvm/versions/node/v21.6.2/lib/node_modules/firebase-tools/node_modules/winston-transport/modern.js:103:17)
    at doWrite (/home/yu/.nvm/versions/node/v21.6.2/lib/node_modules/firebase-tools/node_modules/readable-stream/lib/_stream_writable.js:390:139)
[error] 
[error] Error: An unexpected error has occurred.
[debug] [2024-08-20T00:29:10.910Z] ----------------------------------------------------------------------
[debug] [2024-08-20T00:29:10.927Z] Command:       /home/yu/.nvm/versions/node/v21.6.2/bin/node /home/yu/.nvm/versions/node/v21.6.2/bin/firebase init
[debug] [2024-08-20T00:29:10.928Z] CLI Version:   13.5.2
[debug] [2024-08-20T00:29:10.930Z] Platform:      linux
[debug] [2024-08-20T00:29:10.930Z] Node Version:  v21.6.2
[debug] [2024-08-20T00:29:10.931Z] Time:          Tue Aug 20 2024 09:29:10 GMT+0900 (日本標準時)
[debug] [2024-08-20T00:29:10.932Z] ----------------------------------------------------------------------
[debug] 
[debug] [2024-08-20T00:29:10.984Z] > command requires scopes: ["email","openid","https://www.googleapis.com/auth/cloudplatformprojects.readonly","https://www.googleapis.com/auth/firebase","https://www.googleapis.com/auth/cloud-platform"]
[debug] [2024-08-20T00:29:10.990Z] > authorizing via signed-in user (takitakiyuchi@gmail.com)
[info] 
     ######## #### ########  ######## ########     ###     ######  ########
     ##        ##  ##     ## ##       ##     ##  ##   ##  ##       ##
     ######    ##  ########  ######   ########  #########  ######  ######
     ##        ##  ##    ##  ##       ##     ## ##     ##       ## ##
     ##       #### ##     ## ######## ########  ##     ##  ######  ########

You're about to initialize a Firebase project in this directory:

  /home/yu/projects/study/react/240718_react-practice/240718_practice

